Ready
Ready
Ready
Ready
Ready
Ready
true
false
true
true
true
true
true
false
false
false
true
false
true
true
true
true
true
true
true
true
true
true
true
false
true
true
true
Ready
true
true
true
true
true
true
true
true
true
true
true
true
true
true
true
true
true
true
false
true
true
true
true
true
true
true
|| Command applaud successfuly loaded ✅
|| Command banhammer successfuly loaded ✅
|| Command beton successfuly loaded ✅
|| Command bonjour successfuly loaded ✅
|| Command calin successfuly loaded ✅
|| Command cookie successfuly loaded ✅
|| Command cry successfuly loaded ✅
|| Command deflood successfuly loaded ✅
|| Command duel successfuly loaded ✅
|| Command goodnight successfuly loaded ✅
|| Command heat successfuly loaded ✅
|| Command info successfuly loaded ✅
|| Command motivation successfuly loaded ✅
|| Command otter successfuly loaded ✅
|| Command piano successfuly loaded ✅
|| Command raclette successfuly loaded ✅
|| Command snowball successfuly loaded ✅
|| Command snowman successfuly loaded ✅
|| Command tardigrade successfuly loaded ✅
|| Command tartiflette successfuly loaded ✅
|| Command thx successfuly loaded ✅
Ready | Logged in as "Assistant du du respo tech#3129"
|| Command applaud successfuly loaded ✅
|| Command banhammer successfuly loaded ✅
|| Command beton successfuly loaded ✅
|| Command bonjour successfuly loaded ✅
|| Command calin successfuly loaded ✅
|| Command cookie successfuly loaded ✅
|| Command cry successfuly loaded ✅
|| Command deflood successfuly loaded ✅
|| Command duel successfuly loaded ✅
|| Command goodnight successfuly loaded ✅
|| Command heat successfuly loaded ✅
|| Command info successfuly loaded ✅
|| Command motivation successfuly loaded ✅
|| Command otter successfuly loaded ✅
|| Command piano successfuly loaded ✅
|| Command raclette successfuly loaded ✅
|| Command snowball successfuly loaded ✅
|| Command snowman successfuly loaded ✅
|| Command tardigrade successfuly loaded ✅
|| Command tartiflette successfuly loaded ✅
|| Command thx successfuly loaded ✅
Ready | Logged in as "Assistant du du respo tech#3129"
|| Command applaud successfuly loaded ✅
|| Command banhammer successfuly loaded ✅
|| Command beton successfuly loaded ✅
|| Command bonjour successfuly loaded ✅
|| Command calin successfuly loaded ✅
|| Command cookie successfuly loaded ✅
|| Command cry successfuly loaded ✅
|| Command deflood successfuly loaded ✅
|| Command duel successfuly loaded ✅
|| Command goodnight successfuly loaded ✅
|| Command heat successfuly loaded ✅
|| Command info successfuly loaded ✅
|| Command motivation successfuly loaded ✅
|| Command otter successfuly loaded ✅
|| Command piano successfuly loaded ✅
|| Command raclette successfuly loaded ✅
|| Command snowball successfuly loaded ✅
|| Command snowman successfuly loaded ✅
|| Command tardigrade successfuly loaded ✅
|| Command tartiflette successfuly loaded ✅
|| Command thx successfuly loaded ✅
Ready | Logged in as "R2-D2#5772"
917866715373797467
|| Command applaud successfuly loaded ✅
|| Command banhammer successfuly loaded ✅
|| Command beton successfuly loaded ✅
|| Command bonjour successfuly loaded ✅
|| Command calin successfuly loaded ✅
|| Command cookie successfuly loaded ✅
|| Command cry successfuly loaded ✅
|| Command deflood successfuly loaded ✅
|| Command duel successfuly loaded ✅
|| Command goodnight successfuly loaded ✅
|| Command heat successfuly loaded ✅
|| Command info successfuly loaded ✅
|| Command motivation successfuly loaded ✅
|| Command otter successfuly loaded ✅
|| Command piano successfuly loaded ✅
|| Command raclette successfuly loaded ✅
|| Command snowball successfuly loaded ✅
|| Command snowman successfuly loaded ✅
|| Command tardigrade successfuly loaded ✅
|| Command tartiflette successfuly loaded ✅
|| Command thx successfuly loaded ✅
Ready | Logged in as "R2-D2#5772"
917867294221303890
917867419207344208
917867900143038494
917868022742519839
917868157409046568
917868354713296956
917868619566837791
917869280782077962
917869511863058482
917869957893738496
917872895278063646
917874943386079292
917875490050687006
917876173617369149
917876407923789936
917876528686178346
917877780648177704
917884282993791036
917885145439162458
917886005607039016
917886216324653117
917886376714858556
917886739312427019
917887013984813067
917887248815521912
917887702937006100
917888482209312838
|| Command applaud successfuly loaded ✅
|| Command banhammer successfuly loaded ✅
|| Command beton successfuly loaded ✅
|| Command bonjour successfuly loaded ✅
|| Command calin successfuly loaded ✅
|| Command cookie successfuly loaded ✅
|| Command cry successfuly loaded ✅
|| Command deflood successfuly loaded ✅
|| Command duel successfuly loaded ✅
|| Command goodnight successfuly loaded ✅
|| Command heat successfuly loaded ✅
|| Command info successfuly loaded ✅
|| Command motivation successfuly loaded ✅
|| Command otter successfuly loaded ✅
|| Command piano successfuly loaded ✅
|| Command raclette successfuly loaded ✅
|| Command snowball successfuly loaded ✅
|| Command snowman successfuly loaded ✅
|| Command tardigrade successfuly loaded ✅
|| Command tartiflette successfuly loaded ✅
|| Command thx successfuly loaded ✅
Ready | Logged in as "R2-D2#5772"
|| Command applaud successfuly loaded ✅
|| Command banhammer successfuly loaded ✅
|| Command beton successfuly loaded ✅
|| Command bonjour successfuly loaded ✅
|| Command calin successfuly loaded ✅
|| Command cookie successfuly loaded ✅
|| Command cry successfuly loaded ✅
|| Command deflood successfuly loaded ✅
|| Command duel successfuly loaded ✅
|| Command goodnight successfuly loaded ✅
|| Command heat successfuly loaded ✅
|| Command info successfuly loaded ✅
|| Command motivation successfuly loaded ✅
|| Command otter successfuly loaded ✅
|| Command piano successfuly loaded ✅
|| Command raclette successfuly loaded ✅
|| Command snowball successfuly loaded ✅
|| Command snowman successfuly loaded ✅
|| Command tardigrade successfuly loaded ✅
|| Command tartiflette successfuly loaded ✅
|| Command thx successfuly loaded ✅
Ready | Logged in as "R2-D2#5772"
|| Command applaud successfuly loaded ✅
|| Command banhammer successfuly loaded ✅
|| Command beton successfuly loaded ✅
|| Command bonjour successfuly loaded ✅
|| Command calin successfuly loaded ✅
|| Command cookie successfuly loaded ✅
|| Command cry successfuly loaded ✅
|| Command deflood successfuly loaded ✅
|| Command duel successfuly loaded ✅
|| Command goodnight successfuly loaded ✅
|| Command heat successfuly loaded ✅
|| Command info successfuly loaded ✅
|| Command motivation successfuly loaded ✅
|| Command otter successfuly loaded ✅
|| Command piano successfuly loaded ✅
|| Command raclette successfuly loaded ✅
|| Command snowball successfuly loaded ✅
|| Command snowman successfuly loaded ✅
|| Command tardigrade successfuly loaded ✅
|| Command tartiflette successfuly loaded ✅
|| Command thx successfuly loaded ✅
Ready | Logged in as "R2-D2#5772"
|| Command applaud successfuly loaded ✅
|| Command banhammer successfuly loaded ✅
|| Command beton successfuly loaded ✅
|| Command bonjour successfuly loaded ✅
|| Command calin successfuly loaded ✅
|| Command cookie successfuly loaded ✅
|| Command cry successfuly loaded ✅
|| Command deflood successfuly loaded ✅
|| Command duel successfuly loaded ✅
|| Command goodnight successfuly loaded ✅
|| Command heat successfuly loaded ✅
|| Command info successfuly loaded ✅
|| Command motivation successfuly loaded ✅
|| Command otter successfuly loaded ✅
|| Command piano successfuly loaded ✅
|| Command r2say successfuly loaded ✅
|| Command raclette successfuly loaded ✅
|| Command snowball successfuly loaded ✅
|| Command snowman successfuly loaded ✅
|| Command tardigrade successfuly loaded ✅
|| Command tartiflette successfuly loaded ✅
|| Command thx successfuly loaded ✅
Ready | Logged in as "R2-D2#5772"
|| Command applaud successfuly loaded ✅
|| Command banhammer successfuly loaded ✅
|| Command beton successfuly loaded ✅
|| Command bonjour successfuly loaded ✅
|| Command calin successfuly loaded ✅
|| Command cookie successfuly loaded ✅
|| Command cry successfuly loaded ✅
|| Command deflood successfuly loaded ✅
|| Command duel successfuly loaded ✅
|| Command goodnight successfuly loaded ✅
|| Command heat successfuly loaded ✅
|| Command info successfuly loaded ✅
|| Command motivation successfuly loaded ✅
|| Command otter successfuly loaded ✅
|| Command piano successfuly loaded ✅
|| Command r2say successfuly loaded ✅
|| Command raclette successfuly loaded ✅
|| Command snowball successfuly loaded ✅
|| Command snowman successfuly loaded ✅
|| Command tardigrade successfuly loaded ✅
|| Command tartiflette successfuly loaded ✅
|| Command thx successfuly loaded ✅
Ready | Logged in as "R2-D2#5772"
|| Command applaud successfuly loaded ✅
|| Command banhammer successfuly loaded ✅
|| Command baton successfuly loaded ✅
|| Command beton successfuly loaded ✅
|| Command bonjour successfuly loaded ✅
|| Command calin successfuly loaded ✅
|| Command cookie successfuly loaded ✅
|| Command cry successfuly loaded ✅
|| Command deflood successfuly loaded ✅
|| Command duel successfuly loaded ✅
|| Command goodnight successfuly loaded ✅
|| Command heat successfuly loaded ✅
|| Command info successfuly loaded ✅
|| Command motivation successfuly loaded ✅
|| Command otter successfuly loaded ✅
|| Command piano successfuly loaded ✅
|| Command r2say successfuly loaded ✅
|| Command raclette successfuly loaded ✅
|| Command snowball successfuly loaded ✅
|| Command snowman successfuly loaded ✅
|| Command tardigrade successfuly loaded ✅
|| Command tartiflette successfuly loaded ✅
|| Command thx successfuly loaded ✅
Ready | Logged in as "R2-D2#5772"
|| Command applaud successfuly loaded ✅
|| Command banhammer successfuly loaded ✅
|| Command baton successfuly loaded ✅
|| Command beton successfuly loaded ✅
|| Command bonjour successfuly loaded ✅
|| Command calin successfuly loaded ✅
|| Command cookie successfuly loaded ✅
|| Command cry successfuly loaded ✅
|| Command deflood successfuly loaded ✅
|| Command duel successfuly loaded ✅
|| Command goodnight successfuly loaded ✅
|| Command heat successfuly loaded ✅
|| Command info successfuly loaded ✅
|| Command motivation successfuly loaded ✅
|| Command otter successfuly loaded ✅
|| Command piano successfuly loaded ✅
|| Command r2say successfuly loaded ✅
|| Command raclette successfuly loaded ✅
|| Command snowball successfuly loaded ✅
|| Command snowman successfuly loaded ✅
|| Command tardigrade successfuly loaded ✅
|| Command tartiflette successfuly loaded ✅
|| Command thx successfuly loaded ✅
Ready | Logged in as "R2-D2#5772"
|| Command applaud successfuly loaded ✅
|| Command banhammer successfuly loaded ✅
|| Command baton successfuly loaded ✅
|| Command beton successfuly loaded ✅
|| Command bonjour successfuly loaded ✅
|| Command calin successfuly loaded ✅
|| Command cookie successfuly loaded ✅
|| Command cry successfuly loaded ✅
|| Command deflood successfuly loaded ✅
|| Command duel successfuly loaded ✅
|| Command goodnight successfuly loaded ✅
|| Command heat successfuly loaded ✅
|| Command info successfuly loaded ✅
|| Command motivation successfuly loaded ✅
|| Command otter successfuly loaded ✅
|| Command piano successfuly loaded ✅
|| Command r2say successfuly loaded ✅
|| Command raclette successfuly loaded ✅
|| Command snowball successfuly loaded ✅
|| Command snowman successfuly loaded ✅
|| Command tardigrade successfuly loaded ✅
|| Command tartiflette successfuly loaded ✅
|| Command thx successfuly loaded ✅
Ready | Logged in as "R2-D2#5772"
|| Command applaud successfuly loaded ✅
|| Command banhammer successfuly loaded ✅
|| Command baton successfuly loaded ✅
|| Command beton successfuly loaded ✅
|| Command bonjour successfuly loaded ✅
|| Command calin successfuly loaded ✅
|| Command cookie successfuly loaded ✅
|| Command cry successfuly loaded ✅
|| Command deflood successfuly loaded ✅
|| Command duel successfuly loaded ✅
|| Command goodnight successfuly loaded ✅
|| Command heat successfuly loaded ✅
|| Command info successfuly loaded ✅
|| Command motivation successfuly loaded ✅
|| Command otter successfuly loaded ✅
|| Command piano successfuly loaded ✅
|| Command r2say successfuly loaded ✅
|| Command raclette successfuly loaded ✅
|| Command snowball successfuly loaded ✅
|| Command snowman successfuly loaded ✅
|| Command tardigrade successfuly loaded ✅
|| Command tartiflette successfuly loaded ✅
|| Command thx successfuly loaded ✅
Ready | Logged in as "R2-D2#5772"
|| Command applaud successfuly loaded ✅
|| Command banhammer successfuly loaded ✅
|| Command beton successfuly loaded ✅
|| Command bonjour successfuly loaded ✅
|| Command calin successfuly loaded ✅
|| Command cookie successfuly loaded ✅
|| Command cry successfuly loaded ✅
|| Command deflood successfuly loaded ✅
|| Command duel successfuly loaded ✅
|| Command goodnight successfuly loaded ✅
|| Command heat successfuly loaded ✅
|| Command info successfuly loaded ✅
|| Command motivation successfuly loaded ✅
|| Command otter successfuly loaded ✅
|| Command piano successfuly loaded ✅
|| Command r2say successfuly loaded ✅
|| Command raclette successfuly loaded ✅
|| Command snowball successfuly loaded ✅
|| Command snowman successfuly loaded ✅
|| Command tardigrade successfuly loaded ✅
|| Command tartiflette successfuly loaded ✅
|| Command thx successfuly loaded ✅
Ready | Logged in as "R2-D2#5772"
|| Command applaud successfuly loaded ✅
|| Command banhammer successfuly loaded ✅
|| Command baton successfuly loaded ✅
|| Command beton successfuly loaded ✅
|| Command bonjour successfuly loaded ✅
|| Command calin successfuly loaded ✅
|| Command cookie successfuly loaded ✅
|| Command cry successfuly loaded ✅
|| Command deflood successfuly loaded ✅
|| Command duel successfuly loaded ✅
|| Command goodnight successfuly loaded ✅
|| Command heat successfuly loaded ✅
|| Command info successfuly loaded ✅
|| Command motivation successfuly loaded ✅
|| Command otter successfuly loaded ✅
|| Command piano successfuly loaded ✅
|| Command r2say successfuly loaded ✅
|| Command raclette successfuly loaded ✅
|| Command snowball successfuly loaded ✅
|| Command snowman successfuly loaded ✅
|| Command tardigrade successfuly loaded ✅
|| Command tartiflette successfuly loaded ✅
|| Command thx successfuly loaded ✅
Ready | Logged in as "R2-D2#5772"
|| Command applaud successfuly loaded ✅
|| Command banhammer successfuly loaded ✅
|| Command baton successfuly loaded ✅
|| Command beton successfuly loaded ✅
|| Command bonjour successfuly loaded ✅
|| Command calin successfuly loaded ✅
|| Command cookie successfuly loaded ✅
|| Command cry successfuly loaded ✅
|| Command deflood successfuly loaded ✅
|| Command duel successfuly loaded ✅
|| Command goodnight successfuly loaded ✅
|| Command heat successfuly loaded ✅
|| Command info successfuly loaded ✅
|| Command motivation successfuly loaded ✅
|| Command otter successfuly loaded ✅
|| Command piano successfuly loaded ✅
|| Command r2say successfuly loaded ✅
|| Command raclette successfuly loaded ✅
|| Command snowball successfuly loaded ✅
|| Command snowman successfuly loaded ✅
|| Command tardigrade successfuly loaded ✅
|| Command tartiflette successfuly loaded ✅
|| Command thx successfuly loaded ✅
Ready | Logged in as "R2-D2#5772"
|| Command applaud successfuly loaded ✅
|| Command banhammer successfuly loaded ✅
|| Command baton successfuly loaded ✅
|| Command beton successfuly loaded ✅
|| Command bonjour successfuly loaded ✅
|| Command calin successfuly loaded ✅
|| Command cookie successfuly loaded ✅
|| Command cry successfuly loaded ✅
|| Command deflood successfuly loaded ✅
|| Command duel successfuly loaded ✅
|| Command goodnight successfuly loaded ✅
|| Command heat successfuly loaded ✅
|| Command info successfuly loaded ✅
|| Command motivation successfuly loaded ✅
|| Command otter successfuly loaded ✅
|| Command piano successfuly loaded ✅
|| Command r2say successfuly loaded ✅
|| Command raclette successfuly loaded ✅
|| Command snowball successfuly loaded ✅
|| Command snowman successfuly loaded ✅
|| Command tardigrade successfuly loaded ✅
|| Command tartiflette successfuly loaded ✅
|| Command thx successfuly loaded ✅
Ready | Logged in as "R2-D2#5772"
|| Command applaud successfuly loaded ✅
|| Command banhammer successfuly loaded ✅
|| Command baton successfuly loaded ✅
|| Command beton successfuly loaded ✅
|| Command bonjour successfuly loaded ✅
|| Command calin successfuly loaded ✅
|| Command cookie successfuly loaded ✅
|| Command cry successfuly loaded ✅
|| Command deflood successfuly loaded ✅
|| Command duel successfuly loaded ✅
|| Command goodnight successfuly loaded ✅
|| Command heat successfuly loaded ✅
|| Command info successfuly loaded ✅
|| Command motivation successfuly loaded ✅
|| Command otter successfuly loaded ✅
|| Command piano successfuly loaded ✅
|| Command r2say successfuly loaded ✅
|| Command raclette successfuly loaded ✅
|| Command snowball successfuly loaded ✅
|| Command snowman successfuly loaded ✅
|| Command tardigrade successfuly loaded ✅
|| Command tartiflette successfuly loaded ✅
|| Command thx successfuly loaded ✅
Ready | Logged in as "R2-D2#5772"
|| Command applaud successfuly loaded ✅
|| Command banhammer successfuly loaded ✅
|| Command baton successfuly loaded ✅
|| Command beton successfuly loaded ✅
|| Command bonjour successfuly loaded ✅
|| Command calin successfuly loaded ✅
|| Command cookie successfuly loaded ✅
|| Command cry successfuly loaded ✅
|| Command deflood successfuly loaded ✅
|| Command duel successfuly loaded ✅
|| Command goodnight successfuly loaded ✅
|| Command heat successfuly loaded ✅
|| Command info successfuly loaded ✅
|| Command motivation successfuly loaded ✅
|| Command otter successfuly loaded ✅
|| Command piano successfuly loaded ✅
|| Command r2say successfuly loaded ✅
|| Command raclette successfuly loaded ✅
|| Command snowball successfuly loaded ✅
|| Command snowman successfuly loaded ✅
|| Command tardigrade successfuly loaded ✅
|| Command tartiflette successfuly loaded ✅
|| Command thx successfuly loaded ✅
Ready | Logged in as "R2-D2#5772"
|| Command applaud successfuly loaded ✅
|| Command banhammer successfuly loaded ✅
|| Command baton successfuly loaded ✅
|| Command beton successfuly loaded ✅
|| Command bonjour successfuly loaded ✅
|| Command calin successfuly loaded ✅
|| Command cookie successfuly loaded ✅
|| Command cry successfuly loaded ✅
|| Command deflood successfuly loaded ✅
|| Command duel successfuly loaded ✅
|| Command gift successfuly loaded ✅
|| Command goodnight successfuly loaded ✅
|| Command heat successfuly loaded ✅
|| Command info successfuly loaded ✅
|| Command inventory successfuly loaded ✅
|| Command motivation successfuly loaded ✅
|| Command otter successfuly loaded ✅
|| Command piano successfuly loaded ✅
|| Command r2say successfuly loaded ✅
|| Command raclette successfuly loaded ✅
|| Command snowball successfuly loaded ✅
|| Command snowman successfuly loaded ✅
|| Command tardigrade successfuly loaded ✅
|| Command tartiflette successfuly loaded ✅
|| Command thx successfuly loaded ✅
Ready | Logged in as "R2-D2#5772"
MongooseError: Operation `inventories.findOne()` buffering timed out after 10000ms
    at Timeout.<anonymous> (/home/ubuntu/BotDiscord/R2D2/node_modules/mongoose/lib/drivers/node-mongodb-native/collection.js:198:23)
    at listOnTimeout (node:internal/timers:557:17)
    at processTimers (node:internal/timers:500:7)
MongooseError: Operation `inventories.findOne()` buffering timed out after 10000ms
    at Timeout.<anonymous> (/home/ubuntu/BotDiscord/R2D2/node_modules/mongoose/lib/drivers/node-mongodb-native/collection.js:198:23)
    at listOnTimeout (node:internal/timers:557:17)
    at processTimers (node:internal/timers:500:7)
MongooseError: Operation `inventories.findOne()` buffering timed out after 10000ms
    at Timeout.<anonymous> (/home/ubuntu/BotDiscord/R2D2/node_modules/mongoose/lib/drivers/node-mongodb-native/collection.js:198:23)
    at listOnTimeout (node:internal/timers:557:17)
    at processTimers (node:internal/timers:500:7)
MongooseError: Operation `inventories.findOne()` buffering timed out after 10000ms
    at Timeout.<anonymous> (/home/ubuntu/BotDiscord/R2D2/node_modules/mongoose/lib/drivers/node-mongodb-native/collection.js:198:23)
    at listOnTimeout (node:internal/timers:557:17)
    at processTimers (node:internal/timers:500:7)
MongooseError: Operation `inventories.findOne()` buffering timed out after 10000ms
    at Timeout.<anonymous> (/home/ubuntu/BotDiscord/R2D2/node_modules/mongoose/lib/drivers/node-mongodb-native/collection.js:198:23)
    at listOnTimeout (node:internal/timers:557:17)
    at processTimers (node:internal/timers:500:7)
MongooseError: Operation `inventories.findOne()` buffering timed out after 10000ms
    at Timeout.<anonymous> (/home/ubuntu/BotDiscord/R2D2/node_modules/mongoose/lib/drivers/node-mongodb-native/collection.js:198:23)
    at listOnTimeout (node:internal/timers:557:17)
    at processTimers (node:internal/timers:500:7)
|| Command applaud successfuly loaded ✅
|| Command banhammer successfuly loaded ✅
|| Command baton successfuly loaded ✅
|| Command beton successfuly loaded ✅
|| Command bonjour successfuly loaded ✅
|| Command calin successfuly loaded ✅
|| Command cookie successfuly loaded ✅
|| Command cry successfuly loaded ✅
|| Command deflood successfuly loaded ✅
|| Command duel successfuly loaded ✅
|| Command gift successfuly loaded ✅
|| Command goodnight successfuly loaded ✅
|| Command heat successfuly loaded ✅
|| Command info successfuly loaded ✅
|| Command inventory successfuly loaded ✅
|| Command motivation successfuly loaded ✅
|| Command otter successfuly loaded ✅
|| Command piano successfuly loaded ✅
|| Command r2say successfuly loaded ✅
|| Command raclette successfuly loaded ✅
|| Command snowball successfuly loaded ✅
|| Command snowman successfuly loaded ✅
|| Command tardigrade successfuly loaded ✅
|| Command tartiflette successfuly loaded ✅
|| Command thx successfuly loaded ✅
The bot has connected to the database.
Ready | Logged in as "R2-D2#5772"
Inventory Updated
0 0
Inventory Updated
1 3
Inventory Updated
Inventory created
1 6
1 0
|| Command applaud successfuly loaded ✅
|| Command banhammer successfuly loaded ✅
|| Command baton successfuly loaded ✅
|| Command beton successfuly loaded ✅
|| Command bonjour successfuly loaded ✅
|| Command calin successfuly loaded ✅
|| Command cookie successfuly loaded ✅
|| Command cry successfuly loaded ✅
|| Command deflood successfuly loaded ✅
|| Command duel successfuly loaded ✅
|| Command gift successfuly loaded ✅
|| Command goodnight successfuly loaded ✅
|| Command heat successfuly loaded ✅
|| Command info successfuly loaded ✅
|| Command inventory successfuly loaded ✅
|| Command motivation successfuly loaded ✅
|| Command otter successfuly loaded ✅
|| Command piano successfuly loaded ✅
|| Command r2say successfuly loaded ✅
|| Command raclette successfuly loaded ✅
|| Command snowball successfuly loaded ✅
|| Command snowman successfuly loaded ✅
|| Command tardigrade successfuly loaded ✅
|| Command tartiflette successfuly loaded ✅
|| Command thx successfuly loaded ✅
The bot has connected to the database.
Ready | Logged in as "R2-D2#5772"
|| Command applaud successfuly loaded ✅
|| Command banhammer successfuly loaded ✅
|| Command baton successfuly loaded ✅
|| Command beton successfuly loaded ✅
|| Command bonjour successfuly loaded ✅
|| Command calin successfuly loaded ✅
|| Command cookie successfuly loaded ✅
|| Command cry successfuly loaded ✅
|| Command deflood successfuly loaded ✅
|| Command duel successfuly loaded ✅
|| Command gift successfuly loaded ✅
|| Command goodnight successfuly loaded ✅
|| Command heat successfuly loaded ✅
|| Command info successfuly loaded ✅
|| Command inventory successfuly loaded ✅
|| Command motivation successfuly loaded ✅
|| Command otter successfuly loaded ✅
|| Command piano successfuly loaded ✅
|| Command r2say successfuly loaded ✅
|| Command raclette successfuly loaded ✅
|| Command snowball successfuly loaded ✅
|| Command snowman successfuly loaded ✅
|| Command tardigrade successfuly loaded ✅
|| Command tartiflette successfuly loaded ✅
|| Command thx successfuly loaded ✅
The bot has connected to the database.
Ready | Logged in as "R2-D2#5772"
[ 0, 7 ]
[ 1, 2 ]
Inventory created
[ 0, 2 ]
0 0
Inventory Updated
[ 0, 1 ]
[ 0, 1 ]
Inventory Updated
[ 0, 1 ]
[ 1, 2 ]
|| Command applaud successfuly loaded ✅
|| Command banhammer successfuly loaded ✅
|| Command baton successfuly loaded ✅
|| Command beton successfuly loaded ✅
|| Command bonjour successfuly loaded ✅
|| Command calin successfuly loaded ✅
|| Command cookie successfuly loaded ✅
|| Command cry successfuly loaded ✅
|| Command deflood successfuly loaded ✅
|| Command duel successfuly loaded ✅
|| Command gift successfuly loaded ✅
|| Command goodnight successfuly loaded ✅
|| Command heat successfuly loaded ✅
|| Command info successfuly loaded ✅
|| Command inventory successfuly loaded ✅
|| Command motivation successfuly loaded ✅
|| Command otter successfuly loaded ✅
|| Command piano successfuly loaded ✅
|| Command r2say successfuly loaded ✅
|| Command raclette successfuly loaded ✅
|| Command snowball successfuly loaded ✅
|| Command snowman successfuly loaded ✅
|| Command tardigrade successfuly loaded ✅
|| Command tartiflette successfuly loaded ✅
|| Command thx successfuly loaded ✅
The bot has connected to the database.
Ready | Logged in as "R2-D2#5772"
[ 0, 1 ]
Inventory Updated
[ 0, 1 ]
[ 1, 1 ]
|| Command applaud successfuly loaded ✅
|| Command banhammer successfuly loaded ✅
|| Command baton successfuly loaded ✅
|| Command beton successfuly loaded ✅
|| Command bonjour successfuly loaded ✅
|| Command calin successfuly loaded ✅
|| Command cookie successfuly loaded ✅
|| Command cry successfuly loaded ✅
|| Command deflood successfuly loaded ✅
|| Command duel successfuly loaded ✅
|| Command gift successfuly loaded ✅
|| Command goodnight successfuly loaded ✅
|| Command heat successfuly loaded ✅
|| Command info successfuly loaded ✅
|| Command inventory successfuly loaded ✅
|| Command motivation successfuly loaded ✅
|| Command otter successfuly loaded ✅
|| Command piano successfuly loaded ✅
|| Command r2say successfuly loaded ✅
|| Command raclette successfuly loaded ✅
|| Command snowball successfuly loaded ✅
|| Command snowman successfuly loaded ✅
|| Command tardigrade successfuly loaded ✅
|| Command tartiflette successfuly loaded ✅
|| Command thx successfuly loaded ✅
The bot has connected to the database.
Ready | Logged in as "R2-D2#5772"
|| Command applaud successfuly loaded ✅
|| Command banhammer successfuly loaded ✅
|| Command baton successfuly loaded ✅
|| Command beton successfuly loaded ✅
|| Command bonjour successfuly loaded ✅
|| Command calin successfuly loaded ✅
|| Command cookie successfuly loaded ✅
|| Command cry successfuly loaded ✅
|| Command deflood successfuly loaded ✅
|| Command duel successfuly loaded ✅
|| Command gift successfuly loaded ✅
|| Command goodnight successfuly loaded ✅
|| Command heat successfuly loaded ✅
|| Command info successfuly loaded ✅
|| Command inventory successfuly loaded ✅
|| Command motivation successfuly loaded ✅
|| Command otter successfuly loaded ✅
|| Command piano successfuly loaded ✅
|| Command r2say successfuly loaded ✅
|| Command raclette successfuly loaded ✅
|| Command snowball successfuly loaded ✅
|| Command snowman successfuly loaded ✅
|| Command tardigrade successfuly loaded ✅
|| Command tartiflette successfuly loaded ✅
|| Command thx successfuly loaded ✅
The bot has connected to the database.
Ready | Logged in as "R2-D2#5772"
|| Command applaud successfuly loaded ✅
|| Command banhammer successfuly loaded ✅
|| Command baton successfuly loaded ✅
|| Command beton successfuly loaded ✅
|| Command bonjour successfuly loaded ✅
|| Command calin successfuly loaded ✅
|| Command cookie successfuly loaded ✅
|| Command cry successfuly loaded ✅
|| Command deflood successfuly loaded ✅
|| Command duel successfuly loaded ✅
|| Command goodnight successfuly loaded ✅
|| Command heat successfuly loaded ✅
|| Command info successfuly loaded ✅
|| Command inventory successfuly loaded ✅
|| Command motivation successfuly loaded ✅
|| Command otter successfuly loaded ✅
|| Command piano successfuly loaded ✅
|| Command r2say successfuly loaded ✅
|| Command raclette successfuly loaded ✅
|| Command snowball successfuly loaded ✅
|| Command snowman successfuly loaded ✅
|| Command tardigrade successfuly loaded ✅
|| Command tartiflette successfuly loaded ✅
|| Command thx successfuly loaded ✅
The bot has connected to the database.
Ready | Logged in as "R2-D2#5772"
[ 0, 2 ]
[ 1, 2 ]
|| Command applaud successfuly loaded ✅
|| Command banhammer successfuly loaded ✅
|| Command baton successfuly loaded ✅
|| Command beton successfuly loaded ✅
|| Command bonjour successfuly loaded ✅
|| Command calin successfuly loaded ✅
|| Command cookie successfuly loaded ✅
|| Command cry successfuly loaded ✅
|| Command deflood successfuly loaded ✅
|| Command duel successfuly loaded ✅
|| Command goodnight successfuly loaded ✅
|| Command heat successfuly loaded ✅
|| Command info successfuly loaded ✅
|| Command inventory successfuly loaded ✅
|| Command motivation successfuly loaded ✅
|| Command otter successfuly loaded ✅
|| Command piano successfuly loaded ✅
|| Command r2say successfuly loaded ✅
|| Command raclette successfuly loaded ✅
|| Command snowball successfuly loaded ✅
|| Command snowman successfuly loaded ✅
|| Command tardigrade successfuly loaded ✅
|| Command tartiflette successfuly loaded ✅
|| Command thx successfuly loaded ✅
The bot has connected to the database.
Ready | Logged in as "R2-D2#5772"
[ 0, 2 ]
[ 1, 2 ]
|| Command applaud successfuly loaded ✅
|| Command banhammer successfuly loaded ✅
|| Command baton successfuly loaded ✅
|| Command beton successfuly loaded ✅
|| Command bonjour successfuly loaded ✅
|| Command calin successfuly loaded ✅
|| Command cookie successfuly loaded ✅
|| Command cry successfuly loaded ✅
|| Command deflood successfuly loaded ✅
|| Command duel successfuly loaded ✅
|| Command goodnight successfuly loaded ✅
|| Command heat successfuly loaded ✅
|| Command info successfuly loaded ✅
|| Command inventory successfuly loaded ✅
|| Command motivation successfuly loaded ✅
|| Command otter successfuly loaded ✅
|| Command piano successfuly loaded ✅
|| Command r2say successfuly loaded ✅
|| Command raclette successfuly loaded ✅
|| Command snowball successfuly loaded ✅
|| Command snowman successfuly loaded ✅
|| Command tardigrade successfuly loaded ✅
|| Command tartiflette successfuly loaded ✅
|| Command thx successfuly loaded ✅
The bot has connected to the database.
Ready | Logged in as "R2-D2#5772"
|| Command applaud successfuly loaded ✅
|| Command banhammer successfuly loaded ✅
|| Command baton successfuly loaded ✅
|| Command beton successfuly loaded ✅
|| Command bonjour successfuly loaded ✅
|| Command calin successfuly loaded ✅
|| Command cookie successfuly loaded ✅
|| Command cry successfuly loaded ✅
|| Command deflood successfuly loaded ✅
|| Command duel successfuly loaded ✅
|| Command goodnight successfuly loaded ✅
|| Command heat successfuly loaded ✅
|| Command info successfuly loaded ✅
|| Command inventory successfuly loaded ✅
|| Command motivation successfuly loaded ✅
|| Command otter successfuly loaded ✅
|| Command piano successfuly loaded ✅
|| Command r2say successfuly loaded ✅
|| Command raclette successfuly loaded ✅
|| Command snowball successfuly loaded ✅
|| Command snowman successfuly loaded ✅
|| Command tardigrade successfuly loaded ✅
|| Command tartiflette successfuly loaded ✅
|| Command thx successfuly loaded ✅
The bot has connected to the database.
Ready | Logged in as "R2-D2#5772"
Inventory created
|| Command applaud successfuly loaded ✅
|| Command banhammer successfuly loaded ✅
|| Command baton successfuly loaded ✅
|| Command beton successfuly loaded ✅
|| Command bonjour successfuly loaded ✅
|| Command calin successfuly loaded ✅
|| Command cookie successfuly loaded ✅
|| Command cry successfuly loaded ✅
|| Command deflood successfuly loaded ✅
|| Command duel successfuly loaded ✅
|| Command goodnight successfuly loaded ✅
|| Command heat successfuly loaded ✅
|| Command info successfuly loaded ✅
|| Command inventory successfuly loaded ✅
|| Command motivation successfuly loaded ✅
|| Command otter successfuly loaded ✅
|| Command piano successfuly loaded ✅
|| Command r2say successfuly loaded ✅
|| Command raclette successfuly loaded ✅
|| Command snowball successfuly loaded ✅
|| Command snowman successfuly loaded ✅
|| Command tardigrade successfuly loaded ✅
|| Command tartiflette successfuly loaded ✅
|| Command thx successfuly loaded ✅
The bot has connected to the database.
Ready | Logged in as "R2-D2#5772"
|| Command applaud successfuly loaded ✅
|| Command banhammer successfuly loaded ✅
|| Command baton successfuly loaded ✅
|| Command beton successfuly loaded ✅
|| Command bonjour successfuly loaded ✅
|| Command calin successfuly loaded ✅
|| Command cookie successfuly loaded ✅
|| Command cry successfuly loaded ✅
|| Command deflood successfuly loaded ✅
|| Command duel successfuly loaded ✅
|| Command goodnight successfuly loaded ✅
|| Command heat successfuly loaded ✅
|| Command info successfuly loaded ✅
|| Command inventory successfuly loaded ✅
|| Command motivation successfuly loaded ✅
|| Command otter successfuly loaded ✅
|| Command piano successfuly loaded ✅
|| Command r2say successfuly loaded ✅
|| Command raclette successfuly loaded ✅
|| Command snowball successfuly loaded ✅
|| Command snowman successfuly loaded ✅
|| Command tardigrade successfuly loaded ✅
|| Command tartiflette successfuly loaded ✅
|| Command thx successfuly loaded ✅
The bot has connected to the database.
Ready | Logged in as "R2-D2#5772"
Inventory created
Inventory created
|| Command applaud successfuly loaded ✅
|| Command banhammer successfuly loaded ✅
|| Command baton successfuly loaded ✅
|| Command beton successfuly loaded ✅
|| Command bonjour successfuly loaded ✅
|| Command calin successfuly loaded ✅
|| Command cookie successfuly loaded ✅
|| Command cry successfuly loaded ✅
|| Command deflood successfuly loaded ✅
|| Command duel successfuly loaded ✅
|| Command goodnight successfuly loaded ✅
|| Command heat successfuly loaded ✅
|| Command info successfuly loaded ✅
|| Command inventory successfuly loaded ✅
|| Command motivation successfuly loaded ✅
|| Command otter successfuly loaded ✅
|| Command piano successfuly loaded ✅
|| Command r2say successfuly loaded ✅
|| Command raclette successfuly loaded ✅
|| Command snowball successfuly loaded ✅
|| Command snowman successfuly loaded ✅
|| Command tardigrade successfuly loaded ✅
|| Command tartiflette successfuly loaded ✅
|| Command thx successfuly loaded ✅
The bot has connected to the database.
Ready | Logged in as "R2-D2#5772"
Inventory created
[ 1, 1 ]
[ 0, 1 ]
[ 1, 1 ]
[ 0, 2 ]
[ 1, 1 ]
|| Command applaud successfuly loaded ✅
|| Command banhammer successfuly loaded ✅
|| Command baton successfuly loaded ✅
|| Command beton successfuly loaded ✅
|| Command bonjour successfuly loaded ✅
|| Command calin successfuly loaded ✅
|| Command cookie successfuly loaded ✅
|| Command cry successfuly loaded ✅
|| Command deflood successfuly loaded ✅
|| Command duel successfuly loaded ✅
|| Command goodnight successfuly loaded ✅
|| Command heat successfuly loaded ✅
|| Command info successfuly loaded ✅
|| Command inventory successfuly loaded ✅
|| Command motivation successfuly loaded ✅
|| Command otter successfuly loaded ✅
|| Command piano successfuly loaded ✅
|| Command r2say successfuly loaded ✅
|| Command raclette successfuly loaded ✅
|| Command snowball successfuly loaded ✅
|| Command snowman successfuly loaded ✅
|| Command tardigrade successfuly loaded ✅
|| Command tartiflette successfuly loaded ✅
|| Command thx successfuly loaded ✅
The bot has connected to the database.
Ready | Logged in as "R2-D2#5772"
|| Command applaud successfuly loaded ✅
|| Command banhammer successfuly loaded ✅
|| Command baton successfuly loaded ✅
|| Command beton successfuly loaded ✅
|| Command bonjour successfuly loaded ✅
|| Command calin successfuly loaded ✅
|| Command cookie successfuly loaded ✅
|| Command cry successfuly loaded ✅
|| Command deflood successfuly loaded ✅
|| Command duel successfuly loaded ✅
|| Command goodnight successfuly loaded ✅
|| Command heat successfuly loaded ✅
|| Command info successfuly loaded ✅
|| Command inventory successfuly loaded ✅
|| Command motivation successfuly loaded ✅
|| Command otter successfuly loaded ✅
|| Command piano successfuly loaded ✅
|| Command r2say successfuly loaded ✅
|| Command raclette successfuly loaded ✅
|| Command snowball successfuly loaded ✅
|| Command snowman successfuly loaded ✅
|| Command tardigrade successfuly loaded ✅
|| Command tartiflette successfuly loaded ✅
|| Command thx successfuly loaded ✅
The bot has connected to the database.
Ready | Logged in as "R2-D2#5772"
[ 0, 2 ]
[ 0, 2 ]
[ 0, 1 ]
[ 0, 1 ]
Inventory created
[ 0, 1 ]
[ 0, 1 ]
Inventory created
[ 0, 1 ]
[ 1, 1 ]
[ 0, 1 ]
[ 0, 1 ]
Inventory created
Inventory created
[ 0, 1 ]
Inventory created
[ 0, 1 ]
[ 1, 4 ]
Inventory created
Inventory created
[ 1, 4 ]
[ 0, 1 ]
[ 1, 1 ]
[ 0, 2 ]
[ 0, 1 ]
[ 1, 1 ]
[ 0, 2 ]
[ 0, 2 ]
[ 0, 1 ]
[ 0, 1 ]
[ 1, 1 ]
|| Command applaud successfuly loaded ✅
|| Command banhammer successfuly loaded ✅
|| Command baton successfuly loaded ✅
|| Command beton successfuly loaded ✅
|| Command bonjour successfuly loaded ✅
|| Command calin successfuly loaded ✅
|| Command cookie successfuly loaded ✅
|| Command cry successfuly loaded ✅
|| Command deflood successfuly loaded ✅
|| Command duel successfuly loaded ✅
|| Command goodnight successfuly loaded ✅
|| Command heat successfuly loaded ✅
|| Command info successfuly loaded ✅
|| Command inventory successfuly loaded ✅
|| Command motivation successfuly loaded ✅
|| Command otter successfuly loaded ✅
|| Command piano successfuly loaded ✅
|| Command r2say successfuly loaded ✅
|| Command raclette successfuly loaded ✅
|| Command snowball successfuly loaded ✅
|| Command snowman successfuly loaded ✅
|| Command tardigrade successfuly loaded ✅
|| Command tartiflette successfuly loaded ✅
|| Command thx successfuly loaded ✅
The bot has connected to the database.
Ready | Logged in as "R2-D2#5772"
[ 0, 1 ]
[ 0, 1 ]
Inventory created
Inventory created
[ 0, 1 ]
[ 1, 1 ]
[ 0, 2 ]
[ 1, 1 ]
[ 0, 2 ]
[ 1, 1 ]
[ 0, 1 ]
[ 1, 1 ]
|| Command applaud successfuly loaded ✅
|| Command banhammer successfuly loaded ✅
|| Command baton successfuly loaded ✅
|| Command beton successfuly loaded ✅
|| Command bonjour successfuly loaded ✅
|| Command calin successfuly loaded ✅
|| Command cookie successfuly loaded ✅
|| Command cry successfuly loaded ✅
|| Command deflood successfuly loaded ✅
|| Command duel successfuly loaded ✅
|| Command goodnight successfuly loaded ✅
|| Command heat successfuly loaded ✅
|| Command info successfuly loaded ✅
|| Command inventory successfuly loaded ✅
|| Command motivation successfuly loaded ✅
|| Command noel successfuly loaded ✅
|| Command otter successfuly loaded ✅
|| Command piano successfuly loaded ✅
|| Command r2say successfuly loaded ✅
|| Command raclette successfuly loaded ✅
|| Command snowball successfuly loaded ✅
|| Command snowman successfuly loaded ✅
|| Command tardigrade successfuly loaded ✅
|| Command tartiflette successfuly loaded ✅
|| Command thx successfuly loaded ✅
The bot has connected to the database.
Ready | Logged in as "R2-D2#5772"
|| Command applaud successfuly loaded ✅
|| Command banhammer successfuly loaded ✅
|| Command baton successfuly loaded ✅
|| Command beton successfuly loaded ✅
|| Command bonjour successfuly loaded ✅
|| Command calin successfuly loaded ✅
|| Command cookie successfuly loaded ✅
|| Command cry successfuly loaded ✅
|| Command deflood successfuly loaded ✅
|| Command duel successfuly loaded ✅
|| Command goodnight successfuly loaded ✅
|| Command heat successfuly loaded ✅
|| Command info successfuly loaded ✅
|| Command inventory successfuly loaded ✅
|| Command motivation successfuly loaded ✅
|| Command noel successfuly loaded ✅
|| Command otter successfuly loaded ✅
|| Command piano successfuly loaded ✅
|| Command r2say successfuly loaded ✅
|| Command raclette successfuly loaded ✅
|| Command snowball successfuly loaded ✅
|| Command snowman successfuly loaded ✅
|| Command tardigrade successfuly loaded ✅
|| Command tartiflette successfuly loaded ✅
|| Command thx successfuly loaded ✅
The bot has connected to the database.
Ready | Logged in as "R2-D2#5772"
|| Command applaud successfuly loaded ✅
|| Command banhammer successfuly loaded ✅
|| Command baton successfuly loaded ✅
|| Command beton successfuly loaded ✅
|| Command bonjour successfuly loaded ✅
|| Command calin successfuly loaded ✅
|| Command cookie successfuly loaded ✅
|| Command cry successfuly loaded ✅
|| Command deflood successfuly loaded ✅
|| Command duel successfuly loaded ✅
|| Command goodnight successfuly loaded ✅
|| Command heat successfuly loaded ✅
|| Command info successfuly loaded ✅
|| Command inventory successfuly loaded ✅
|| Command motivation successfuly loaded ✅
|| Command noel successfuly loaded ✅
|| Command otter successfuly loaded ✅
|| Command piano successfuly loaded ✅
|| Command r2say successfuly loaded ✅
|| Command raclette successfuly loaded ✅
|| Command snowball successfuly loaded ✅
|| Command snowman successfuly loaded ✅
|| Command tardigrade successfuly loaded ✅
|| Command tartiflette successfuly loaded ✅
|| Command thx successfuly loaded ✅
The bot has connected to the database.
Ready | Logged in as "R2-D2#5772"
|| Command applaud successfuly loaded ✅
|| Command banhammer successfuly loaded ✅
|| Command baton successfuly loaded ✅
|| Command beton successfuly loaded ✅
|| Command bonjour successfuly loaded ✅
|| Command calin successfuly loaded ✅
|| Command cookie successfuly loaded ✅
|| Command cry successfuly loaded ✅
|| Command deflood successfuly loaded ✅
|| Command duel successfuly loaded ✅
|| Command goodnight successfuly loaded ✅
|| Command heat successfuly loaded ✅
|| Command info successfuly loaded ✅
|| Command inventory successfuly loaded ✅
|| Command motivation successfuly loaded ✅
|| Command noel successfuly loaded ✅
|| Command otter successfuly loaded ✅
|| Command piano successfuly loaded ✅
|| Command r2say successfuly loaded ✅
|| Command raclette successfuly loaded ✅
|| Command snowball successfuly loaded ✅
|| Command snowman successfuly loaded ✅
|| Command tardigrade successfuly loaded ✅
|| Command tartiflette successfuly loaded ✅
|| Command thx successfuly loaded ✅
The bot has connected to the database.
Ready | Logged in as "R2-D2#5772"
|| Command applaud successfuly loaded ✅
|| Command banhammer successfuly loaded ✅
|| Command baton successfuly loaded ✅
|| Command beton successfuly loaded ✅
|| Command bonjour successfuly loaded ✅
|| Command calin successfuly loaded ✅
|| Command cookie successfuly loaded ✅
|| Command cry successfuly loaded ✅
|| Command deflood successfuly loaded ✅
|| Command duel successfuly loaded ✅
|| Command goodnight successfuly loaded ✅
|| Command heat successfuly loaded ✅
|| Command info successfuly loaded ✅
|| Command inventory successfuly loaded ✅
|| Command motivation successfuly loaded ✅
|| Command noel successfuly loaded ✅
|| Command otter successfuly loaded ✅
|| Command piano successfuly loaded ✅
|| Command r2say successfuly loaded ✅
|| Command raclette successfuly loaded ✅
|| Command snowball successfuly loaded ✅
|| Command snowman successfuly loaded ✅
|| Command tardigrade successfuly loaded ✅
|| Command tartiflette successfuly loaded ✅
|| Command thx successfuly loaded ✅
The bot has connected to the database.
Ready | Logged in as "R2-D2#5772"
|| Command applaud successfuly loaded ✅
|| Command banhammer successfuly loaded ✅
|| Command baton successfuly loaded ✅
|| Command beton successfuly loaded ✅
|| Command bonjour successfuly loaded ✅
|| Command calin successfuly loaded ✅
|| Command cookie successfuly loaded ✅
|| Command cry successfuly loaded ✅
|| Command deflood successfuly loaded ✅
|| Command duel successfuly loaded ✅
|| Command goodnight successfuly loaded ✅
|| Command heat successfuly loaded ✅
|| Command info successfuly loaded ✅
|| Command inventory successfuly loaded ✅
|| Command motivation successfuly loaded ✅
|| Command noel successfuly loaded ✅
|| Command otter successfuly loaded ✅
|| Command piano successfuly loaded ✅
|| Command r2say successfuly loaded ✅
|| Command raclette successfuly loaded ✅
|| Command snowball successfuly loaded ✅
|| Command snowman successfuly loaded ✅
|| Command tardigrade successfuly loaded ✅
|| Command tartiflette successfuly loaded ✅
|| Command thx successfuly loaded ✅
The bot has connected to the database.
Ready | Logged in as "R2-D2#5772"
|| Command applaud successfuly loaded ✅
|| Command banhammer successfuly loaded ✅
|| Command baton successfuly loaded ✅
|| Command beton successfuly loaded ✅
|| Command bonjour successfuly loaded ✅
|| Command calin successfuly loaded ✅
|| Command cookie successfuly loaded ✅
|| Command cry successfuly loaded ✅
|| Command deflood successfuly loaded ✅
|| Command duel successfuly loaded ✅
|| Command goodnight successfuly loaded ✅
|| Command heat successfuly loaded ✅
|| Command info successfuly loaded ✅
|| Command inventory successfuly loaded ✅
|| Command motivation successfuly loaded ✅
|| Command noel successfuly loaded ✅
|| Command otter successfuly loaded ✅
|| Command piano successfuly loaded ✅
|| Command r2say successfuly loaded ✅
|| Command raclette successfuly loaded ✅
|| Command snowball successfuly loaded ✅
|| Command snowman successfuly loaded ✅
|| Command tardigrade successfuly loaded ✅
|| Command tartiflette successfuly loaded ✅
|| Command thx successfuly loaded ✅
The bot has connected to the database.
Ready | Logged in as "R2-D2#5772"
|| Command applaud successfuly loaded ✅
|| Command banhammer successfuly loaded ✅
|| Command baton successfuly loaded ✅
|| Command beton successfuly loaded ✅
|| Command bonjour successfuly loaded ✅
|| Command calin successfuly loaded ✅
|| Command cookie successfuly loaded ✅
|| Command cry successfuly loaded ✅
|| Command deflood successfuly loaded ✅
|| Command duel successfuly loaded ✅
|| Command goodnight successfuly loaded ✅
|| Command heat successfuly loaded ✅
|| Command info successfuly loaded ✅
|| Command inventory successfuly loaded ✅
|| Command motivation successfuly loaded ✅
|| Command noel successfuly loaded ✅
|| Command otter successfuly loaded ✅
|| Command piano successfuly loaded ✅
|| Command r2say successfuly loaded ✅
|| Command raclette successfuly loaded ✅
|| Command snowball successfuly loaded ✅
|| Command snowman successfuly loaded ✅
|| Command tardigrade successfuly loaded ✅
|| Command tartiflette successfuly loaded ✅
|| Command thx successfuly loaded ✅
The bot has connected to the database.
Ready | Logged in as "R2-D2#5772"
|| Command applaud successfuly loaded ✅
|| Command banhammer successfuly loaded ✅
|| Command baton successfuly loaded ✅
|| Command beton successfuly loaded ✅
|| Command bonjour successfuly loaded ✅
|| Command calin successfuly loaded ✅
|| Command cookie successfuly loaded ✅
|| Command cry successfuly loaded ✅
|| Command deflood successfuly loaded ✅
|| Command duel successfuly loaded ✅
|| Command goodnight successfuly loaded ✅
|| Command heat successfuly loaded ✅
|| Command info successfuly loaded ✅
|| Command inventory successfuly loaded ✅
|| Command motivation successfuly loaded ✅
|| Command noel successfuly loaded ✅
|| Command otter successfuly loaded ✅
|| Command piano successfuly loaded ✅
|| Command r2say successfuly loaded ✅
|| Command raclette successfuly loaded ✅
|| Command snowball successfuly loaded ✅
|| Command snowman successfuly loaded ✅
|| Command tardigrade successfuly loaded ✅
|| Command tartiflette successfuly loaded ✅
|| Command thx successfuly loaded ✅
The bot has connected to the database.
Ready | Logged in as "R2-D2#5772"
[ 0, 1 ]
[ 1, 1 ]
[ 0, 1 ]
[ 1, 1 ]
[ 1, 2 ]
[ 1, 1 ]
[ 0, 1 ]
[ 1, 3 ]
[ 0, 1 ]
[ 0, 4 ]
[ 0, 1 ]
[ 1, 2 ]
[ 1, 1 ]
[ 1, 2 ]
Inventory created
[ 0, 1 ]
[ 1, 1 ]
Inventory created
[ 1, 1 ]
[ 1, 2 ]
[ 1, 1 ]
[ 1, 3 ]
[ 0, 1 ]
[ 1, 3 ]
[ 0, 1 ]
[ 1, 1 ]
[ 0, 3 ]
[ 1, 1 ]
[ 1, 2 ]
[ 0, 1 ]
[ 1, 3 ]
[ 1, 2 ]
[ 0, 1 ]
[ 1, 1 ]
[ 0, 3 ]
[ 1, 3 ]
[ 0, 1 ]
[ 1, 3 ]
[ 0, 1 ]
[ 1, 2 ]
[ 0, 1 ]
[ 1, 2 ]
[ 0, 1 ]
[ 1, 1 ]
[ 1, 1 ]
[ 0, 2 ]
[ 0, 4 ]
[ 1, 3 ]
[ 0, 1 ]
[ 1, 2 ]
[ 0, 1 ]
[ 1, 2 ]
[ 0, 4 ]
[ 1, 4 ]
[ 0, 1 ]
[ 1, 2 ]
[ 0, 3 ]
[ 1, 2 ]
[ 0, 4 ]
[ 1, 3 ]
[ 0, 2 ]
[ 0, 4 ]
[ 1, 2 ]
[ 0, 2 ]
[ 1, 2 ]
[ 0, 2 ]
[ 1, 1 ]
[ 1, 1 ]
[ 0, 2 ]
[ 1, 1 ]
[ 0, 1 ]
[ 1, 3 ]
[ 0, 2 ]
[ 1, 6 ]
Inventory created
[ 0, 1 ]
[ 1, 1 ]
[ 0, 1 ]
[ 1, 1 ]
[ 0, 2 ]
[ 1, 2 ]
[ 0, 3 ]
[ 1, 2 ]
[ 0, 3 ]
[ 1, 2 ]
[ 0, 2 ]
[ 1, 1 ]
[ 0, 2 ]
[ 1, 1 ]
[ 0, 1 ]
[ 1, 1 ]
[ 0, 3 ]
[ 1, 2 ]
[ 0, 5 ]
[ 1, 2 ]
[ 0, 3 ]
[ 1, 3 ]
[ 0, 4 ]
[ 1, 2 ]
[ 0, 2 ]
[ 1, 1 ]
Inventory created
[ 0, 2 ]
[ 1, 1 ]
[ 0, 2 ]
[ 1, 6 ]
[ 0, 6 ]
[ 1, 3 ]
[ 0, 8 ]
[ 1, 3 ]
[ 0, 4 ]
[ 1, 3 ]
[ 0, 3 ]
[ 1, 4 ]
[ 0, 3 ]
[ 1, 2 ]
[ 0, 2 ]
[ 1, 7 ]
[ 0, 8 ]
[ 1, 3 ]
[ 0, 2 ]
[ 1, 2 ]
[ 0, 3 ]
[ 1, 4 ]
[ 0, 7 ]
[ 1, 3 ]
[ 0, 1 ]
[ 1, 2 ]
[ 0, 2 ]
[ 1, 4 ]
[ 0, 6 ]
[ 1, 4 ]
[ 0, 1 ]
[ 1, 5 ]
[ 0, 1 ]
[ 1, 1 ]
[ 0, 1 ]
[ 1, 3 ]
[ 0, 3 ]
[ 1, 4 ]
[ 0, 4 ]
[ 1, 5 ]
The bot has disconnected from the database.
The bot has connected to the database.
[ 0, 2 ]
[ 1, 4 ]
[ 0, 3 ]
[ 1, 3 ]
[ 0, 1 ]
[ 1, 2 ]
[ 0, 3 ]
[ 1, 2 ]
|| Command applaud successfuly loaded ✅
|| Command banhammer successfuly loaded ✅
|| Command baton successfuly loaded ✅
|| Command beton successfuly loaded ✅
|| Command bonjour successfuly loaded ✅
|| Command calin successfuly loaded ✅
|| Command cookie successfuly loaded ✅
|| Command cry successfuly loaded ✅
|| Command deflood successfuly loaded ✅
|| Command duel successfuly loaded ✅
|| Command goodnight successfuly loaded ✅
|| Command heat successfuly loaded ✅
|| Command info successfuly loaded ✅
|| Command inventory successfuly loaded ✅
|| Command motivation successfuly loaded ✅
|| Command noel successfuly loaded ✅
|| Command otter successfuly loaded ✅
|| Command piano successfuly loaded ✅
|| Command r2say successfuly loaded ✅
|| Command raclette successfuly loaded ✅
|| Command snowball successfuly loaded ✅
|| Command snowman successfuly loaded ✅
|| Command tardigrade successfuly loaded ✅
|| Command tartiflette successfuly loaded ✅
|| Command thx successfuly loaded ✅
The bot has connected to the database.
Ready | Logged in as "R2-D2#5772"
The bot has disconnected from the database.
The bot has connected to the database.
The bot has disconnected from the database.
The bot has connected to the database.
|| Command applaud successfuly loaded ✅
|| Command banhammer successfuly loaded ✅
|| Command baton successfuly loaded ✅
|| Command beton successfuly loaded ✅
|| Command bonjour successfuly loaded ✅
|| Command calin successfuly loaded ✅
|| Command cookie successfuly loaded ✅
|| Command cry successfuly loaded ✅
|| Command deflood successfuly loaded ✅
|| Command duel successfuly loaded ✅
|| Command goodnight successfuly loaded ✅
|| Command heat successfuly loaded ✅
|| Command info successfuly loaded ✅
|| Command inventory successfuly loaded ✅
|| Command motivation successfuly loaded ✅
|| Command noel successfuly loaded ✅
|| Command otter successfuly loaded ✅
|| Command piano successfuly loaded ✅
|| Command r2say successfuly loaded ✅
|| Command raclette successfuly loaded ✅
|| Command snowball successfuly loaded ✅
|| Command snowman successfuly loaded ✅
|| Command tardigrade successfuly loaded ✅
|| Command tartiflette successfuly loaded ✅
|| Command thx successfuly loaded ✅
The bot has connected to the database.
Ready | Logged in as "R2-D2#5772"
|| Command applaud successfuly loaded ✅
|| Command banhammer successfuly loaded ✅
|| Command baton successfuly loaded ✅
|| Command beton successfuly loaded ✅
|| Command bonjour successfuly loaded ✅
|| Command calin successfuly loaded ✅
|| Command cookie successfuly loaded ✅
|| Command cry successfuly loaded ✅
|| Command deflood successfuly loaded ✅
|| Command duel successfuly loaded ✅
|| Command goodnight successfuly loaded ✅
|| Command info successfuly loaded ✅
|| Command inventory successfuly loaded ✅
|| Command motivation successfuly loaded ✅
|| Command otter successfuly loaded ✅
|| Command piano successfuly loaded ✅
|| Command r2say successfuly loaded ✅
|| Command raclette successfuly loaded ✅
|| Command snowball successfuly loaded ✅
|| Command tardigrade successfuly loaded ✅
|| Command tartiflette successfuly loaded ✅
|| Command thx successfuly loaded ✅
The bot has connected to the database.
Ready | Logged in as "R2-D2#5772"
The bot has disconnected from the database.
The bot has connected to the database.
[ 0, 1 ]
[ 1, 1 ]
The bot has disconnected from the database.
The bot has connected to the database.
The bot has disconnected from the database.
The bot has connected to the database.
|| Command applaud successfuly loaded ✅
|| Command banhammer successfuly loaded ✅
|| Command baton successfuly loaded ✅
|| Command beton successfuly loaded ✅
|| Command bonjour successfuly loaded ✅
|| Command calin successfuly loaded ✅
|| Command cookie successfuly loaded ✅
|| Command cry successfuly loaded ✅
|| Command deflood successfuly loaded ✅
|| Command duel successfuly loaded ✅
|| Command goodnight successfuly loaded ✅
|| Command info successfuly loaded ✅
|| Command inventory successfuly loaded ✅
|| Command motivation successfuly loaded ✅
|| Command otter successfuly loaded ✅
|| Command piano successfuly loaded ✅
|| Command r2say successfuly loaded ✅
|| Command raclette successfuly loaded ✅
|| Command snowball successfuly loaded ✅
|| Command tardigrade successfuly loaded ✅
|| Command tartiflette successfuly loaded ✅
|| Command thx successfuly loaded ✅
The bot has connected to the database.
Ready | Logged in as "R2-D2#5772"
The bot has disconnected from the database.
The bot has connected to the database.
[ 0, 1 ]
[ 1, 1 ]
[ 0, 4 ]
[ 1, 6 ]
[ 0, 3 ]
[ 1, 3 ]
[ 0, 4 ]
[ 1, 3 ]
[ 0, 4 ]
[ 1, 6 ]
[ 0, 5 ]
[ 1, 5 ]
[ 0, 1 ]
[ 1, 2 ]
The bot has disconnected from the database.
The bot has connected to the database.
|| Command applaud successfuly loaded ✅
|| Command banhammer successfuly loaded ✅
|| Command baton successfuly loaded ✅
|| Command applaud successfuly loaded ✅
|| Command banhammer successfuly loaded ✅
|| Command baton successfuly loaded ✅
|| Command applaud successfuly loaded ✅
|| Command banhammer successfuly loaded ✅
|| Command baton successfuly loaded ✅
|| Command applaud successfuly loaded ✅
|| Command banhammer successfuly loaded ✅
|| Command baton successfuly loaded ✅
|| Command applaud successfuly loaded ✅
|| Command banhammer successfuly loaded ✅
|| Command baton successfuly loaded ✅
|| Command applaud successfuly loaded ✅
|| Command banhammer successfuly loaded ✅
|| Command baton successfuly loaded ✅
|| Command applaud successfuly loaded ✅
|| Command banhammer successfuly loaded ✅
|| Command baton successfuly loaded ✅
|| Command applaud successfuly loaded ✅
|| Command banhammer successfuly loaded ✅
|| Command baton successfuly loaded ✅
|| Command applaud successfuly loaded ✅
|| Command banhammer successfuly loaded ✅
|| Command baton successfuly loaded ✅
|| Command applaud successfuly loaded ✅
|| Command banhammer successfuly loaded ✅
|| Command baton successfuly loaded ✅
|| Command applaud successfuly loaded ✅
|| Command banhammer successfuly loaded ✅
|| Command baton successfuly loaded ✅
|| Command applaud successfuly loaded ✅
|| Command banhammer successfuly loaded ✅
|| Command baton successfuly loaded ✅
|| Command applaud successfuly loaded ✅
|| Command banhammer successfuly loaded ✅
|| Command baton successfuly loaded ✅
|| Command applaud successfuly loaded ✅
|| Command banhammer successfuly loaded ✅
|| Command baton successfuly loaded ✅
|| Command applaud successfuly loaded ✅
|| Command banhammer successfuly loaded ✅
|| Command baton successfuly loaded ✅
|| Command applaud successfuly loaded ✅
|| Command banhammer successfuly loaded ✅
|| Command baton successfuly loaded ✅
|| Command applaud successfuly loaded ✅
|| Command banhammer successfuly loaded ✅
|| Command baton successfuly loaded ✅
|| Command applaud successfuly loaded ✅
|| Command banhammer successfuly loaded ✅
|| Command baton successfuly loaded ✅
|| Command applaud successfuly loaded ✅
|| Command banhammer successfuly loaded ✅
|| Command baton successfuly loaded ✅
|| Command applaud successfuly loaded ✅
|| Command banhammer successfuly loaded ✅
|| Command baton successfuly loaded ✅
|| Command applaud successfuly loaded ✅
|| Command banhammer successfuly loaded ✅
|| Command baton successfuly loaded ✅
|| Command applaud successfuly loaded ✅
|| Command banhammer successfuly loaded ✅
|| Command baton successfuly loaded ✅
|| Command applaud successfuly loaded ✅
|| Command banhammer successfuly loaded ✅
|| Command baton successfuly loaded ✅
|| Command applaud successfuly loaded ✅
|| Command banhammer successfuly loaded ✅
|| Command baton successfuly loaded ✅
|| Command applaud successfuly loaded ✅
|| Command banhammer successfuly loaded ✅
|| Command baton successfuly loaded ✅
|| Command applaud successfuly loaded ✅
|| Command banhammer successfuly loaded ✅
|| Command baton successfuly loaded ✅
|| Command applaud successfuly loaded ✅
|| Command banhammer successfuly loaded ✅
|| Command baton successfuly loaded ✅
|| Command applaud successfuly loaded ✅
|| Command banhammer successfuly loaded ✅
|| Command baton successfuly loaded ✅
|| Command applaud successfuly loaded ✅
|| Command banhammer successfuly loaded ✅
|| Command baton successfuly loaded ✅
|| Command applaud successfuly loaded ✅
|| Command banhammer successfuly loaded ✅
|| Command baton successfuly loaded ✅
|| Command applaud successfuly loaded ✅
|| Command banhammer successfuly loaded ✅
|| Command baton successfuly loaded ✅
|| Command applaud successfuly loaded ✅
|| Command banhammer successfuly loaded ✅
|| Command baton successfuly loaded ✅
|| Command applaud successfuly loaded ✅
|| Command banhammer successfuly loaded ✅
|| Command baton successfuly loaded ✅
